0 info it worked if it ends with ok
1 verbose cli [ 'C:\\Program Files\\nodejs\\node.exe',
1 verbose cli   'C:\\Users\\Administrator\\AppData\\Roaming\\npm\\node_modules\\npm\\bin\\npm-cli.js',
1 verbose cli   'run',
1 verbose cli   'release' ]
2 info using npm@3.10.9
3 info using node@v6.6.0
4 verbose run-script [ 'prerelease', 'release', 'postrelease' ]
5 info lifecycle react-redux-router-typescript@1.0.0~prerelease: react-redux-router-typescript@1.0.0
6 silly lifecycle react-redux-router-typescript@1.0.0~prerelease: no script for prerelease, continuing
7 info lifecycle react-redux-router-typescript@1.0.0~release: react-redux-router-typescript@1.0.0
8 verbose lifecycle react-redux-router-typescript@1.0.0~release: unsafe-perm in lifecycle true
9 verbose lifecycle react-redux-router-typescript@1.0.0~release: PATH: C:\Users\Administrator\AppData\Roaming\npm\node_modules\npm\bin\node-gyp-bin;E:\github\react-redux-router-typescript\node_modules\.bin;C:\Windows\system32;C:\Windows;C:\Windows\System32\Wbem;C:\Windows\System32\WindowsPowerShell\v1.0\;C:\Program Files (x86)\Intel\OpenCL SDK\2.0\bin\x86;C:\Program Files (x86)\Intel\OpenCL SDK\2.0\bin\x64;D:\SVN\bin;C:\Program Files\Microsoft SQL Server\110\Tools\Binn\;C:\Windows\system32\config\systemprofile\.dnx\bin;C:\Program Files\Microsoft DNX\Dnvm\;C:\Program Files\Microsoft SQL Server\130\Tools\Binn\;C:\Program Files\Git\cmd;C:\Program Files\nodejs\;C:\Program Files\TortoiseGit\bin;C:\Users\Administrator\AppData\Roaming\npm;C:\Program Files (x86)\Microsoft VS Code\bin;C:\Program Files (x86)\Egret\Egret Wing 3\bin
10 verbose lifecycle react-redux-router-typescript@1.0.0~release: CWD: E:\github\react-redux-router-typescript
11 silly lifecycle react-redux-router-typescript@1.0.0~release: Args: [ '/d /s /c', 'gulp release' ]
12 silly lifecycle react-redux-router-typescript@1.0.0~release: Returned: code: 1  signal: null
13 info lifecycle react-redux-router-typescript@1.0.0~release: Failed to exec release script
14 verbose stack Error: react-redux-router-typescript@1.0.0 release: `gulp release`
14 verbose stack Exit status 1
14 verbose stack     at EventEmitter.<anonymous> (C:\Users\Administrator\AppData\Roaming\npm\node_modules\npm\lib\utils\lifecycle.js:255:16)
14 verbose stack     at emitTwo (events.js:106:13)
14 verbose stack     at EventEmitter.emit (events.js:191:7)
14 verbose stack     at ChildProcess.<anonymous> (C:\Users\Administrator\AppData\Roaming\npm\node_modules\npm\lib\utils\spawn.js:40:14)
14 verbose stack     at emitTwo (events.js:106:13)
14 verbose stack     at ChildProcess.emit (events.js:191:7)
14 verbose stack     at maybeClose (internal/child_process.js:877:16)
14 verbose stack     at Process.ChildProcess._handle.onexit (internal/child_process.js:226:5)
15 verbose pkgid react-redux-router-typescript@1.0.0
16 verbose cwd E:\github\react-redux-router-typescript
17 error Windows_NT 6.1.7601
18 error argv "C:\\Program Files\\nodejs\\node.exe" "C:\\Users\\Administrator\\AppData\\Roaming\\npm\\node_modules\\npm\\bin\\npm-cli.js" "run" "release"
19 error node v6.6.0
20 error npm  v3.10.9
21 error code ELIFECYCLE
22 error react-redux-router-typescript@1.0.0 release: `gulp release`
22 error Exit status 1
23 error Failed at the react-redux-router-typescript@1.0.0 release script 'gulp release'.
23 error Make sure you have the latest version of node.js and npm installed.
23 error If you do, this is most likely a problem with the react-redux-router-typescript package,
23 error not with npm itself.
23 error Tell the author that this fails on your system:
23 error     gulp release
23 error You can get information on how to open an issue for this project with:
23 error     npm bugs react-redux-router-typescript
23 error Or if that isn't available, you can get their info via:
23 error     npm owner ls react-redux-router-typescript
23 error There is likely additional logging output above.
24 verbose exit [ 1, true ]
